<?xml version="1.0" encoding="UTF-8"?>
<!-- Generated by org.testng.reporters.JUnitReportReporter -->
<testsuite hostname="Mrinalgood" failures="0" tests="1" name="abc.Ext1" time="0.376" errors="0" timestamp="2023-05-27T15:45:28 IST" skipped="0">
  <testcase classname="abc.Ext1" name="test1" time="0.376"/>
  <system-out/>
</testsuite> <!-- abc.Ext1 -->
