<?xml version="1.0" encoding="UTF-8"?>
<!-- Generated by org.testng.reporters.JUnitReportReporter -->
<testsuite hostname="Mrinalgood" failures="0" tests="2" name="QSPselenium.TEST1" time="0.007" errors="0" timestamp="2023-05-12T15:33:19 IST" skipped="0">
  <testcase classname="QSPselenium.TEST1" name="data1" time="0.006"/>
  <system-out>
    <![CDATA[1]]>
  </system-out>
  <testcase classname="QSPselenium.TEST1" name="data2" time="0.001"/>
  <system-out>
    <![CDATA[2]]>
  </system-out>
</testsuite> <!-- QSPselenium.TEST1 -->
