<?xml version="1.0" encoding="UTF-8"?>
<!-- Generated by org.testng.reporters.JUnitReportReporter -->
<testsuite hostname="Mrinalgood" failures="0" tests="1" name="QSPselenium.TEST2" time="0.003" errors="0" timestamp="2023-05-12T15:33:19 IST" skipped="0">
  <testcase classname="QSPselenium.TEST2" name="data1" time="0.003"/>
  <system-out>
    <![CDATA[1]]>
  </system-out>
</testsuite> <!-- QSPselenium.TEST2 -->
