<?xml version="1.0" encoding="UTF-8"?>
<!-- Generated by org.testng.reporters.JUnitReportReporter -->
<testsuite hostname="Mrinalgood" failures="0" tests="2" name="abc.TEST1" time="0.002" errors="0" timestamp="2023-05-13T09:57:21 IST" skipped="0">
  <testcase classname="abc.TEST1" name="data1" time="0.001"/>
  <system-out>
    <![CDATA[1]]>
  </system-out>
  <testcase classname="abc.TEST1" name="data2" time="0.001"/>
  <system-out>
    <![CDATA[2]]>
  </system-out>
</testsuite> <!-- abc.TEST1 -->
