<?xml version="1.0" encoding="UTF-8"?>
<!-- Generated by org.testng.reporters.JUnitReportReporter -->
<testsuite hostname="Mrinalgood" failures="0" tests="1" name="abc.Data2" time="0.007" errors="0" timestamp="2023-05-19T15:28:16 IST" skipped="0">
  <testcase classname="abc.Data2" name="test1" time="0.007"/>
  <system-out/>
</testsuite> <!-- abc.Data2 -->
