<?xml version="1.0" encoding="UTF-8"?>
<!-- Generated by org.testng.reporters.JUnitReportReporter -->
<testsuite hostname="Mrinalgood" failures="0" tests="1" name="abc.Log12" time="0.037" errors="0" timestamp="2023-05-27T16:00:08 IST" skipped="0">
  <testcase classname="abc.Log12" name="test1" time="0.037"/>
  <system-out/>
</testsuite> <!-- abc.Log12 -->
