<?xml version="1.0" encoding="UTF-8"?>
<!-- Generated by org.testng.reporters.JUnitReportReporter -->
<testsuite hostname="Mrinalgood" failures="0" tests="1" name="abc.Log13" time="0.074" errors="0" timestamp="2023-05-27T16:08:36 IST" skipped="0">
  <testcase classname="abc.Log13" name="test1" time="0.074"/>
  <system-out/>
</testsuite> <!-- abc.Log13 -->
