<?xml version="1.0" encoding="UTF-8"?>
<!-- Generated by org.testng.reporters.JUnitReportReporter -->
<testsuite hostname="Mrinalgood" failures="0" tests="1" name="abc.TEST2" time="0.006" errors="0" timestamp="2023-05-13T09:57:21 IST" skipped="0">
  <testcase classname="abc.TEST2" name="data1" time="0.006"/>
  <system-out>
    <![CDATA[1]]>
  </system-out>
</testsuite> <!-- abc.TEST2 -->
